Kicking off!
21:43:07.891 [main] WARN  Trainer - Reading the input file:conf/word2vec-default.properties
corpus/cleaned-content-only-v-0.1.0.txt
21:43:07.898 [main] INFO  Trainer - Building model....
21:43:07.899 [main] INFO  Trainer - Load & Vectorize Sentences....
21:43:07.975 [main] INFO  org.nd4j.linalg.factory.Nd4jBackend - Loaded [CpuBackend] backend
21:43:08.117 [main] INFO  org.nd4j.nativeblas.NativeOpsHolder - Number of threads used for NativeOps: 7
21:43:08.168 [main] DEBUG org.reflections.Reflections - going to scan these urls:
jar:file:/home/high/meliora/target/meliora-1.0-alpha-jar-with-dependencies.jar!/
21:43:08.786 [main] INFO  org.reflections.Reflections - Reflections took 615 ms to scan 1 urls, producing 29 keys and 189 values 
21:43:08.961 [main] INFO  org.nd4j.nativeblas.Nd4jBlas - Number of threads used for BLAS: 7
21:43:08.967 [main] INFO  o.n.l.a.o.e.DefaultOpExecutioner - Backend used: [CPU]; OS: [Linux]
21:43:08.967 [main] INFO  o.n.l.a.o.e.DefaultOpExecutioner - Cores: [49]; Memory: [56.0GB];
21:43:08.967 [main] INFO  o.n.l.a.o.e.DefaultOpExecutioner - Blas vendor: [OPENBLAS]
21:43:09.199 [main] INFO  Trainer - Fitting Word2Vec model....
21:43:09.237 [main] INFO  o.d.m.s.SequenceVectors - Starting vocabulary building...
21:43:09.238 [main] DEBUG o.d.m.w.wordstore.VocabConstructor - Target vocab size before building: [0]
21:43:09.308 [main] DEBUG o.d.m.w.wordstore.VocabConstructor - Trying source iterator: [0]
21:43:09.309 [main] DEBUG o.d.m.w.wordstore.VocabConstructor - Target vocab size before building: [0]
21:43:14.815 [main] INFO  o.d.m.w.wordstore.VocabConstructor - Sequences checked: [100000]; Current vocabulary size: [300176]; Sequences/sec: 17930.79; Words/sec: 5367580.96;
21:43:19.786 [main] INFO  o.d.m.w.wordstore.VocabConstructor - Sequences checked: [200000]; Current vocabulary size: [441513]; Sequences/sec: 20120.72; Words/sec: 6083640.44;
21:43:24.334 [main] INFO  o.d.m.w.wordstore.VocabConstructor - Sequences checked: [300000]; Current vocabulary size: [552124]; Sequences/sec: 21982.85; Words/sec: 6655916.68;
21:43:28.982 [main] INFO  o.d.m.w.wordstore.VocabConstructor - Sequences checked: [400000]; Current vocabulary size: [648232]; Sequences/sec: 21514.63; Words/sec: 6448713.21;
21:43:33.689 [main] INFO  o.d.m.w.wordstore.VocabConstructor - Sequences checked: [500000]; Current vocabulary size: [726508]; Sequences/sec: 21244.95; Words/sec: 6508769.28;
21:43:38.640 [main] INFO  o.d.m.w.wordstore.VocabConstructor - Sequences checked: [600000]; Current vocabulary size: [854077]; Sequences/sec: 20197.94; Words/sec: 6671748.94;
21:43:43.396 [main] INFO  o.d.m.w.wordstore.VocabConstructor - Sequences checked: [700000]; Current vocabulary size: [955128]; Sequences/sec: 21030.49; Words/sec: 6842389.06;
21:43:47.896 [main] INFO  o.d.m.w.wordstore.VocabConstructor - Sequences checked: [800000]; Current vocabulary size: [1059481]; Sequences/sec: 22217.29; Words/sec: 7268136.19;
21:43:52.627 [main] INFO  o.d.m.w.wordstore.VocabConstructor - Sequences checked: [900000]; Current vocabulary size: [1152618]; Sequences/sec: 21137.18; Words/sec: 6896813.36;
21:43:57.291 [main] INFO  o.d.m.w.wordstore.VocabConstructor - Sequences checked: [1000000]; Current vocabulary size: [1240204]; Sequences/sec: 21440.82; Words/sec: 6959884.22;
21:44:01.654 [main] INFO  o.d.m.w.wordstore.VocabConstructor - Sequences checked: [1100000]; Current vocabulary size: [1310616]; Sequences/sec: 22925.26; Words/sec: 7238127.69;
21:44:06.485 [main] INFO  o.d.m.w.wordstore.VocabConstructor - Sequences checked: [1200000]; Current vocabulary size: [1392063]; Sequences/sec: 20695.36; Words/sec: 6517069.33;
21:44:11.029 [main] INFO  o.d.m.w.wordstore.VocabConstructor - Sequences checked: [1300000]; Current vocabulary size: [1481510]; Sequences/sec: 22011.89; Words/sec: 7164726.61;
21:44:15.857 [main] INFO  o.d.m.w.wordstore.VocabConstructor - Sequences checked: [1400000]; Current vocabulary size: [1565450]; Sequences/sec: 20708.22; Words/sec: 6670258.65;
21:44:21.401 [main] INFO  o.d.m.w.wordstore.VocabConstructor - Sequences checked: [1500000]; Current vocabulary size: [1640916]; Sequences/sec: 18037.52; Words/sec: 5836166.13;
21:44:25.821 [main] INFO  o.d.m.w.wordstore.VocabConstructor - Sequences checked: [1600000]; Current vocabulary size: [1715688]; Sequences/sec: 22624.43; Words/sec: 7142732.58;
21:44:30.324 [main] INFO  o.d.m.w.wordstore.VocabConstructor - Sequences checked: [1700000]; Current vocabulary size: [1786145]; Sequences/sec: 22207.42; Words/sec: 7153975.35;
21:44:34.688 [main] INFO  o.d.m.w.wordstore.VocabConstructor - Sequences checked: [1800000]; Current vocabulary size: [1850261]; Sequences/sec: 22920.01; Words/sec: 7310447.40;
21:44:39.081 [main] INFO  o.d.m.w.wordstore.VocabConstructor - Sequences checked: [1900000]; Current vocabulary size: [1916200]; Sequences/sec: 22758.31; Words/sec: 7281110.83;
21:44:43.596 [main] INFO  o.d.m.w.wordstore.VocabConstructor - Sequences checked: [2000000]; Current vocabulary size: [1979427]; Sequences/sec: 22148.39; Words/sec: 7006389.59;
21:44:48.026 [main] INFO  o.d.m.w.wordstore.VocabConstructor - Sequences checked: [2100000]; Current vocabulary size: [2034677]; Sequences/sec: 22573.36; Words/sec: 7433018.96;
21:44:52.531 [main] INFO  o.d.m.w.wordstore.VocabConstructor - Sequences checked: [2200000]; Current vocabulary size: [2080876]; Sequences/sec: 22197.56; Words/sec: 7255125.19;
21:44:57.190 [main] INFO  o.d.m.w.wordstore.VocabConstructor - Sequences checked: [2300000]; Current vocabulary size: [2123967]; Sequences/sec: 21463.83; Words/sec: 7041707.02;
21:45:01.801 [main] INFO  o.d.m.w.wordstore.VocabConstructor - Sequences checked: [2400000]; Current vocabulary size: [2167934]; Sequences/sec: 21691.97; Words/sec: 7114224.51;
21:45:06.309 [main] INFO  o.d.m.w.wordstore.VocabConstructor - Sequences checked: [2500000]; Current vocabulary size: [2210709]; Sequences/sec: 22177.87; Words/sec: 7082670.44;
21:45:08.909 [main] DEBUG o.d.m.w.wordstore.VocabConstructor - Wating till all processes stop...
21:45:08.914 [main] DEBUG o.d.m.w.wordstore.VocabConstructor - Vocab size before truncation: [2231962],  NumWords: [814776421], sequences parsed: [2558753], counter: [814776421]
21:45:11.277 [main] DEBUG o.d.m.w.wordstore.VocabConstructor - Scavenger: Words before: 2231962; Words after: 1173454;
21:45:11.277 [main] DEBUG o.d.m.w.wordstore.VocabConstructor - Vocab size after truncation: [1173454],  NumWords: [813717913], sequences parsed: [2558753], counter: [814776421]
21:45:26.618 [main] INFO  o.d.m.w.wordstore.VocabConstructor - Sequences checked: [2558753], Current vocabulary size: [1173454]; Sequences/sec: [18625.37];
21:45:26.637 [main] INFO  o.d.m.e.loader.WordVectorSerializer - Projected memory use for model: [2.19 GB]
21:45:29.692 [main] INFO  o.d.m.e.inmemory.InMemoryLookupTable - Initializing syn1...
21:45:30.461 [main] INFO  o.d.m.s.SequenceVectors - Building learning algorithms:
21:45:30.461 [main] INFO  o.d.m.s.SequenceVectors -           building ElementsLearningAlgorithm: [SkipGram]
21:45:30.465 [main] INFO  o.d.m.s.SequenceVectors - Starting learning process...
21:53:51.965 [VectorCalculationsThread 1] INFO  o.d.m.s.SequenceVectors - Epoch: [1]; Words vectorized so far: [31618523];  Lines vectorized so far: [100000]; Seq/sec: [199.41]; Words/sec: [63051.05]; learningRate: [0.014941714816962619]
22:02:33.242 [VectorCalculationsThread 19] INFO  o.d.m.s.SequenceVectors - Epoch: [1]; Words vectorized so far: [63180280];  Lines vectorized so far: [200000]; Seq/sec: [191.84]; Words/sec: [61774.54]; learningRate: [0.01488366257214249]
22:11:17.391 [VectorCalculationsThread 3] INFO  o.d.m.s.SequenceVectors - Epoch: [1]; Words vectorized so far: [94747927];  Lines vectorized so far: [300000]; Seq/sec: [190.79]; Words/sec: [61250.04]; learningRate: [0.014825343985022976]
22:19:47.161 [VectorCalculationsThread 22] INFO  o.d.m.s.SequenceVectors - Epoch: [1]; Words vectorized so far: [125521022];  Lines vectorized so far: [400000]; Seq/sec: [196.17]; Words/sec: [61031.07]; learningRate: [0.014768627892427876]
22:28:19.765 [VectorCalculationsThread 43] INFO  o.d.m.s.SequenceVectors - Epoch: [1]; Words vectorized so far: [156408391];  Lines vectorized so far: [500000]; Seq/sec: [195.08]; Words/sec: [60876.40]; learningRate: [0.014711769204348338]
22:36:51.126 [VectorCalculationsThread 5] INFO  o.d.m.s.SequenceVectors - Epoch: [1]; Words vectorized so far: [187105550];  Lines vectorized so far: [600000]; Seq/sec: [195.56]; Words/sec: [60735.95]; learningRate: [0.014655113527038698]
22:45:19.333 [VectorCalculationsThread 8] INFO  o.d.m.s.SequenceVectors - Epoch: [1]; Words vectorized so far: [217752843];  Lines vectorized so far: [700000]; Seq/sec: [196.77]; Words/sec: [60674.89]; learningRate: [0.014598600229536792]
22:53:59.934 [VectorCalculationsThread 41] INFO  o.d.m.s.SequenceVectors - Epoch: [1]; Words vectorized so far: [249119237];  Lines vectorized so far: [800000]; Seq/sec: [192.09]; Words/sec: [60621.09]; learningRate: [0.014540775967899823]
23:02:32.184 [VectorCalculationsThread 28] INFO  o.d.m.s.SequenceVectors - Epoch: [1]; Words vectorized so far: [280001136];  Lines vectorized so far: [900000]; Seq/sec: [195.22]; Words/sec: [60584.04]; learningRate: [0.014483900906824452]
23:11:02.289 [VectorCalculationsThread 11] INFO  o.d.m.s.SequenceVectors - Epoch: [1]; Words vectorized so far: [310811443];  Lines vectorized so far: [1000000]; Seq/sec: [196.04]; Words/sec: [60565.82]; learningRate: [0.014427058081121534]
23:19:34.862 [VectorCalculationsThread 43] INFO  o.d.m.s.SequenceVectors - Epoch: [1]; Words vectorized so far: [341668248];  Lines vectorized so far: [1100000]; Seq/sec: [195.09]; Words/sec: [60532.51]; learningRate: [0.014370217294208686]
23:28:07.023 [VectorCalculationsThread 7] INFO  o.d.m.s.SequenceVectors - Epoch: [1]; Words vectorized so far: [372565459];  Lines vectorized so far: [1200000]; Seq/sec: [195.25]; Words/sec: [60515.43]; learningRate: [0.01431322691614385]
23:36:59.872 [VectorCalculationsThread 46] INFO  o.d.m.s.SequenceVectors - Epoch: [1]; Words vectorized so far: [404687089];  Lines vectorized so far: [1300000]; Seq/sec: [187.67]; Words/sec: [60496.91]; learningRate: [0.01425400362238308]
23:45:52.251 [VectorCalculationsThread 14] INFO  o.d.m.s.SequenceVectors - Epoch: [1]; Words vectorized so far: [436787237];  Lines vectorized so far: [1400000]; Seq/sec: [187.84]; Words/sec: [60482.07]; learningRate: [0.01419483911250704]
23:54:46.387 [VectorCalculationsThread 30] INFO  o.d.m.s.SequenceVectors - Epoch: [1]; Words vectorized so far: [468984568];  Lines vectorized so far: [1500000]; Seq/sec: [187.22]; Words/sec: [60468.10]; learningRate: [0.014135498328399217]
00:03:34.345 [VectorCalculationsThread 24] INFO  o.d.m.s.SequenceVectors - Epoch: [1]; Words vectorized so far: [500768052];  Lines vectorized so far: [1600000]; Seq/sec: [189.41]; Words/sec: [60451.07]; learningRate: [0.014076922367075874]
00:12:20.374 [VectorCalculationsThread 7] INFO  o.d.m.s.SequenceVectors - Epoch: [1]; Words vectorized so far: [532466789];  Lines vectorized so far: [1700000]; Seq/sec: [190.11]; Words/sec: [60439.81]; learningRate: [0.014018504563140913]
00:20:58.531 [VectorCalculationsThread 18] INFO  o.d.m.s.SequenceVectors - Epoch: [1]; Words vectorized so far: [563738332];  Lines vectorized so far: [1800000]; Seq/sec: [192.98]; Words/sec: [60434.78]; learningRate: [0.013960812011766539]
00:29:33.556 [VectorCalculationsThread 24] INFO  o.d.m.s.SequenceVectors - Epoch: [1]; Words vectorized so far: [594837605];  Lines vectorized so far: [1900000]; Seq/sec: [194.17]; Words/sec: [60432.13]; learningRate: [0.013903530975236132]
00:38:07.731 [VectorCalculationsThread 5] INFO  o.d.m.s.SequenceVectors - Epoch: [1]; Words vectorized so far: [625894004];  Lines vectorized so far: [2000000]; Seq/sec: [194.49]; Words/sec: [60430.55]; learningRate: [0.013846254355469743]
00:46:33.782 [VectorCalculationsThread 46] INFO  o.d.m.s.SequenceVectors - Epoch: [1]; Words vectorized so far: [656458703];  Lines vectorized so far: [2100000]; Seq/sec: [197.61]; Words/sec: [60429.05]; learningRate: [0.013789891629803656]
00:55:00.715 [VectorCalculationsThread 21] INFO  o.d.m.s.SequenceVectors - Epoch: [1]; Words vectorized so far: [687113382];  Lines vectorized so far: [2200000]; Seq/sec: [197.26]; Words/sec: [60430.92]; learningRate: [0.013733390553981819]
01:03:36.164 [VectorCalculationsThread 30] INFO  o.d.m.s.SequenceVectors - Epoch: [1]; Words vectorized so far: [718176525];  Lines vectorized so far: [2300000]; Seq/sec: [194.01]; Words/sec: [60423.69]; learningRate: [0.013676126235161299]
01:12:09.235 [VectorCalculationsThread 2] INFO  o.d.m.s.SequenceVectors - Epoch: [1]; Words vectorized so far: [749008059];  Lines vectorized so far: [2400000]; Seq/sec: [100000000.00]; Words/sec: [60409.97]; learningRate: [0.013619291940670353]
01:12:09.234 [VectorCalculationsThread 35] INFO  o.d.m.s.SequenceVectors - Epoch: [1]; Words vectorized so far: [749007992];  Lines vectorized so far: [2400000]; Seq/sec: [194.91]; Words/sec: [60409.97]; learningRate: [0.013619285698949582]
01:20:45.227 [VectorCalculationsThread 17] INFO  o.d.m.s.SequenceVectors - Epoch: [1]; Words vectorized so far: [780088169];  Lines vectorized so far: [2500000]; Seq/sec: [193.80]; Words/sec: [60402.93]; learningRate: [0.013562007405384473]
01:29:33.437 [VectorCalculationsThread 38] INFO  o.d.m.s.SequenceVectors - Epoch: [1]; Words vectorized so far: [811905543];  Lines vectorized so far: [2600000]; Seq/sec: [189.32]; Words/sec: [60396.38]; learningRate: [0.013503366261767423]
01:38:21.234 [VectorCalculationsThread 9] INFO  o.d.m.s.SequenceVectors - Epoch: [1]; Words vectorized so far: [843836877];  Lines vectorized so far: [2700000]; Seq/sec: [189.47]; Words/sec: [60400.26]; learningRate: [0.013444492618660098]
01:47:21.900 [VectorCalculationsThread 34] INFO  o.d.m.s.SequenceVectors - Epoch: [1]; Words vectorized so far: [876428864];  Lines vectorized so far: [2800000]; Seq/sec: [184.96]; Words/sec: [60395.83]; learningRate: [0.013384416598187877]
01:56:21.466 [VectorCalculationsThread 47] INFO  o.d.m.s.SequenceVectors - Epoch: [1]; Words vectorized so far: [908959204];  Lines vectorized so far: [2900000]; Seq/sec: [185.34]; Words/sec: [60392.07]; learningRate: [0.013324433810885026]
02:05:20.224 [VectorCalculationsThread 30] INFO  o.d.m.s.SequenceVectors - Epoch: [1]; Words vectorized so far: [941312613];  Lines vectorized so far: [3000000]; Seq/sec: [185.61]; Words/sec: [60380.27]; learningRate: [0.013264911893367646]
02:13:57.134 [VectorCalculationsThread 43] INFO  o.d.m.s.SequenceVectors - Epoch: [1]; Words vectorized so far: [972427886];  Lines vectorized so far: [3100000]; Seq/sec: [193.46]; Words/sec: [60374.35]; learningRate: [0.013207435577247762]
02:22:23.845 [VectorCalculationsThread 33] INFO  o.d.m.s.SequenceVectors - Epoch: [1]; Words vectorized so far: [1002976998];  Lines vectorized so far: [3200000]; Seq/sec: [197.35]; Words/sec: [60371.72]; learningRate: [0.013151123268316203]
02:30:51.856 [VectorCalculationsThread 0] INFO  o.d.m.s.SequenceVectors - Epoch: [1]; Words vectorized so far: [1033565842];  Lines vectorized so far: [3300000]; Seq/sec: [196.85]; Words/sec: [60367.01]; learningRate: [0.013094760208996406]
02:39:25.197 [VectorCalculationsThread 26] INFO  o.d.m.s.SequenceVectors - Epoch: [1]; Words vectorized so far: [1064488876];  Lines vectorized so far: [3400000]; Seq/sec: [194.80]; Words/sec: [60363.27]; learningRate: [0.01303774899693034]
02:48:02.310 [VectorCalculationsThread 46] INFO  o.d.m.s.SequenceVectors - Epoch: [1]; Words vectorized so far: [1095702298];  Lines vectorized so far: [3500000]; Seq/sec: [193.38]; Words/sec: [60363.21]; learningRate: [0.012980192633414473]
02:56:38.313 [VectorCalculationsThread 2] INFO  o.d.m.s.SequenceVectors - Epoch: [1]; Words vectorized so far: [1126850831];  Lines vectorized so far: [3600000]; Seq/sec: [193.80]; Words/sec: [60363.31]; learningRate: [0.012922788021504449]
03:05:12.966 [VectorCalculationsThread 43] INFO  o.d.m.s.SequenceVectors - Epoch: [1]; Words vectorized so far: [1157893190];  Lines vectorized so far: [3700000]; Seq/sec: [194.30]; Words/sec: [60362.02]; learningRate: [0.01286556019997559]
03:13:56.341 [VectorCalculationsThread 0] INFO  o.d.m.s.SequenceVectors - Epoch: [1]; Words vectorized so far: [1189469252];  Lines vectorized so far: [3800000]; Seq/sec: [191.07]; Words/sec: [60361.21]; learningRate: [0.01280734350996154]
03:22:37.519 [VectorCalculationsThread 3] INFO  o.d.m.s.SequenceVectors - Epoch: [1]; Words vectorized so far: [1220934439];  Lines vectorized so far: [3900000]; Seq/sec: [191.87]; Words/sec: [60361.52]; learningRate: [0.012749350509873806]
03:31:21.373 [VectorCalculationsThread 5] INFO  o.d.m.s.SequenceVectors - Epoch: [1]; Words vectorized so far: [1252539440];  Lines vectorized so far: [4000000]; Seq/sec: [190.89]; Words/sec: [60360.77]; learningRate: [0.012691080545869707]
03:40:00.898 [VectorCalculationsThread 6] INFO  o.d.m.s.SequenceVectors - Epoch: [1]; Words vectorized so far: [1283900417];  Lines vectorized so far: [4100000]; Seq/sec: [192.48]; Words/sec: [60360.86]; learningRate: [0.012633278397547085]
03:48:41.007 [VectorCalculationsThread 37] INFO  o.d.m.s.SequenceVectors - Epoch: [1]; Words vectorized so far: [1315314654];  Lines vectorized so far: [4200000]; Seq/sec: [192.27]; Words/sec: [60361.78]; learningRate: [0.012575381581897164]
03:57:24.091 [VectorCalculationsThread 25] INFO  o.d.m.s.SequenceVectors - Epoch: [1]; Words vectorized so far: [1346799116];  Lines vectorized so far: [4300000]; Seq/sec: [191.17]; Words/sec: [60357.76]; learningRate: [0.012517356025687]
04:06:02.774 [VectorCalculationsThread 2] INFO  o.d.m.s.SequenceVectors - Epoch: [1]; Words vectorized so far: [1378034776];  Lines vectorized so far: [4400000]; Seq/sec: [192.80]; Words/sec: [60354.65]; learningRate: [0.012459748952337492]
04:14:43.230 [VectorCalculationsThread 21] INFO  o.d.m.s.SequenceVectors - Epoch: [1]; Words vectorized so far: [1409398463];  Lines vectorized so far: [4500000]; Seq/sec: [192.14]; Words/sec: [60352.59]; learningRate: [0.012401969156970002]
04:23:29.255 [VectorCalculationsThread 10] INFO  o.d.m.s.SequenceVectors - Epoch: [1]; Words vectorized so far: [1441097420];  Lines vectorized so far: [4600000]; Seq/sec: [190.11]; Words/sec: [60350.58]; learningRate: [0.012343513272270805]
04:32:26.788 [VectorCalculationsThread 28] INFO  o.d.m.s.SequenceVectors - Epoch: [1]; Words vectorized so far: [1473479289];  Lines vectorized so far: [4700000]; Seq/sec: [186.04]; Words/sec: [60348.19]; learningRate: [0.012283838174519822]
04:41:50.240 [VectorCalculationsThread 26] INFO  o.d.m.s.SequenceVectors - Epoch: [1]; Words vectorized so far: [1507345240];  Lines vectorized so far: [4800000]; Seq/sec: [177.48]; Words/sec: [60342.71]; learningRate: [0.012221446466424292]
04:51:24.899 [VectorCalculationsThread 6] INFO  o.d.m.s.SequenceVectors - Epoch: [1]; Words vectorized so far: [1541853354];  Lines vectorized so far: [4900000]; Seq/sec: [174.01]; Words/sec: [60336.09]; learningRate: [0.012157806906359698]
05:00:54.095 [VectorCalculationsThread 33] INFO  o.d.m.s.SequenceVectors - Epoch: [1]; Words vectorized so far: [1576000238];  Lines vectorized so far: [5000000]; Seq/sec: [175.69]; Words/sec: [60328.59]; learningRate: [0.012094843994174181]
05:10:19.944 [VectorCalculationsThread 5] INFO  o.d.m.s.SequenceVectors - Epoch: [1]; Words vectorized so far: [1610024104];  Lines vectorized so far: [5100000]; Seq/sec: [176.72]; Words/sec: [60324.35]; learningRate: [0.012032110014518016]
05:19:51.302 [VectorCalculationsThread 23] INFO  o.d.m.s.SequenceVectors - Epoch: [1]; Words vectorized so far: [1644352445];  Lines vectorized so far: [5200000]; Seq/sec: [175.02]; Words/sec: [60319.27]; learningRate: [0.01196883859800196]
05:29:20.719 [VectorCalculationsThread 42] INFO  o.d.m.s.SequenceVectors - Epoch: [1]; Words vectorized so far: [1678542292];  Lines vectorized so far: [5300000]; Seq/sec: [175.62]; Words/sec: [60313.63]; learningRate: [0.011905790832701013]
05:38:41.651 [VectorCalculationsThread 19] INFO  o.d.m.s.SequenceVectors - Epoch: [1]; Words vectorized so far: [1712282613];  Lines vectorized so far: [5400000]; Seq/sec: [178.28]; Words/sec: [60310.45]; learningRate: [0.011843599032948902]
05:48:12.141 [VectorCalculationsThread 9] INFO  o.d.m.s.SequenceVectors - Epoch: [1]; Words vectorized so far: [1746533078];  Lines vectorized so far: [5500000]; Seq/sec: [175.28]; Words/sec: [60305.02]; learningRate: [0.011780499284031368]
05:57:50.319 [VectorCalculationsThread 29] INFO  o.d.m.s.SequenceVectors - Epoch: [1]; Words vectorized so far: [1781241082];  Lines vectorized so far: [5600000]; Seq/sec: [172.96]; Words/sec: [60299.65]; learningRate: [0.011716481154200669]
06:07:27.927 [VectorCalculationsThread 42] INFO  o.d.m.s.SequenceVectors - Epoch: [1]; Words vectorized so far: [1815897620];  Lines vectorized so far: [5700000]; Seq/sec: [173.13]; Words/sec: [60293.91]; learningRate: [0.011652612744559306]
06:16:54.014 [VectorCalculationsThread 7] INFO  o.d.m.s.SequenceVectors - Epoch: [1]; Words vectorized so far: [1849881840];  Lines vectorized so far: [5800000]; Seq/sec: [176.65]; Words/sec: [60289.09]; learningRate: [0.01158996647158731]
06:26:15.603 [VectorCalculationsThread 15] INFO  o.d.m.s.SequenceVectors - Epoch: [1]; Words vectorized so far: [1883618240];  Lines vectorized so far: [5900001]; Seq/sec: [178.07]; Words/sec: [60285.19]; learningRate: [0.011527817211761443]
06:35:32.494 [VectorCalculationsThread 21] INFO  o.d.m.s.SequenceVectors - Epoch: [1]; Words vectorized so far: [1917049721];  Lines vectorized so far: [6000000]; Seq/sec: [179.57]; Words/sec: [60280.78]; learningRate: [0.011466157267082309]
06:44:46.186 [VectorCalculationsThread 38] INFO  o.d.m.s.SequenceVectors - Epoch: [1]; Words vectorized so far: [1950363692];  Lines vectorized so far: [6100000]; Seq/sec: [180.61]; Words/sec: [60278.83]; learningRate: [0.011404754464339781]
06:54:01.042 [VectorCalculationsThread 46] INFO  o.d.m.s.SequenceVectors - Epoch: [1]; Words vectorized so far: [1983728776];  Lines vectorized so far: [6200000]; Seq/sec: [180.23]; Words/sec: [60276.37]; learningRate: [0.011343256946341796]
07:03:26.102 [VectorCalculationsThread 40] INFO  o.d.m.s.SequenceVectors - Epoch: [1]; Words vectorized so far: [2017749947];  Lines vectorized so far: [6300000]; Seq/sec: [176.97]; Words/sec: [60275.21]; learningRate: [0.011280514787561275]
07:12:53.692 [VectorCalculationsThread 46] INFO  o.d.m.s.SequenceVectors - Epoch: [1]; Words vectorized so far: [2052009605];  Lines vectorized so far: [6400000]; Seq/sec: [176.18]; Words/sec: [60276.63]; learningRate: [0.011217353707193121]
07:22:22.562 [VectorCalculationsThread 5] INFO  o.d.m.s.SequenceVectors - Epoch: [1]; Words vectorized so far: [2086342660];  Lines vectorized so far: [6500000]; Seq/sec: [175.80]; Words/sec: [60277.94]; learningRate: [0.011154197272169427]
07:31:46.662 [VectorCalculationsThread 27] INFO  o.d.m.s.SequenceVectors - Epoch: [1]; Words vectorized so far: [2120370330];  Lines vectorized so far: [6600000]; Seq/sec: [177.26]; Words/sec: [60278.59]; learningRate: [0.011091357347321909]
07:41:08.568 [VectorCalculationsThread 36] INFO  o.d.m.s.SequenceVectors - Epoch: [1]; Words vectorized so far: [2154149833];  Lines vectorized so far: [6700000]; Seq/sec: [177.97]; Words/sec: [60276.04]; learningRate: [0.011029075680431776]
07:50:30.201 [VectorCalculationsThread 23] INFO  o.d.m.s.SequenceVectors - Epoch: [1]; Words vectorized so far: [2187982506];  Lines vectorized so far: [6800000]; Seq/sec: [178.05]; Words/sec: [60275.48]; learningRate: [0.010966719511064763]
07:59:55.487 [VectorCalculationsThread 8] INFO  o.d.m.s.SequenceVectors - Epoch: [1]; Words vectorized so far: [2221995466];  Lines vectorized so far: [6900000]; Seq/sec: [176.90]; Words/sec: [60273.85]; learningRate: [0.010904024876738827]
08:09:26.082 [VectorCalculationsThread 8] INFO  o.d.m.s.SequenceVectors - Epoch: [1]; Words vectorized so far: [2256257409];  Lines vectorized so far: [7000000]; Seq/sec: [175.26]; Words/sec: [60270.37]; learningRate: [0.010840853661408826]
08:18:56.497 [VectorCalculationsThread 7] INFO  o.d.m.s.SequenceVectors - Epoch: [1]; Words vectorized so far: [2290484224];  Lines vectorized so far: [7100000]; Seq/sec: [175.31]; Words/sec: [60266.38]; learningRate: [0.010777742798689009]
08:28:22.885 [VectorCalculationsThread 42] INFO  o.d.m.s.SequenceVectors - Epoch: [1]; Words vectorized so far: [2324497787];  Lines vectorized so far: [7200000]; Seq/sec: [176.55]; Words/sec: [60263.24]; learningRate: [0.010715054044779274]
08:37:45.487 [VectorCalculationsThread 19] INFO  o.d.m.s.SequenceVectors - Epoch: [1]; Words vectorized so far: [2358283534];  Lines vectorized so far: [7300000]; Seq/sec: [177.75]; Words/sec: [60260.22]; learningRate: [0.010652773034136215]
08:47:07.624 [VectorCalculationsThread 19] INFO  o.d.m.s.SequenceVectors - Epoch: [1]; Words vectorized so far: [2392023177];  Lines vectorized so far: [7400000]; Seq/sec: [177.89]; Words/sec: [60256.82]; learningRate: [0.010590566907551904]
08:56:32.212 [VectorCalculationsThread 7] INFO  o.d.m.s.SequenceVectors - Epoch: [1]; Words vectorized so far: [2425951464];  Lines vectorized so far: [7500000]; Seq/sec: [177.12]; Words/sec: [60254.53]; learningRate: [0.010528064299230928]
09:05:55.052 [VectorCalculationsThread 43] INFO  o.d.m.s.SequenceVectors - Epoch: [1]; Words vectorized so far: [2459799653];  Lines vectorized so far: [7600000]; Seq/sec: [177.67]; Words/sec: [60252.93]; learningRate: [0.010465644020423572]
09:15:18.044 [VectorCalculationsThread 2] INFO  o.d.m.s.SequenceVectors - Epoch: [1]; Words vectorized so far: [2493727464];  Lines vectorized so far: [7700000]; Seq/sec: [177.62]; Words/sec: [60253.07]; learningRate: [0.010403105113897129]
09:24:42.849 [VectorCalculationsThread 16] INFO  o.d.m.s.SequenceVectors - Epoch: [1]; Words vectorized so far: [2527820083];  Lines vectorized so far: [7800000]; Seq/sec: [177.05]; Words/sec: [60254.53]; learningRate: [0.010340262110587209]
09:34:05.988 [VectorCalculationsThread 0] INFO  o.d.m.s.SequenceVectors - Epoch: [1]; Words vectorized so far: [2561703783];  Lines vectorized so far: [7900000]; Seq/sec: [177.58]; Words/sec: [60253.41]; learningRate: [0.010277783418416647]
09:43:31.280 [VectorCalculationsThread 24] INFO  o.d.m.s.SequenceVectors - Epoch: [1]; Words vectorized so far: [2595730631];  Lines vectorized so far: [8000000]; Seq/sec: [176.90]; Words/sec: [60252.62]; learningRate: [0.010215071852547506]
09:52:59.914 [VectorCalculationsThread 41] INFO  o.d.m.s.SequenceVectors - Epoch: [1]; Words vectorized so far: [2629895479];  Lines vectorized so far: [8100000]; Seq/sec: [175.86]; Words/sec: [60250.40]; learningRate: [0.010152079339194785]
10:02:26.202 [VectorCalculationsThread 43] INFO  o.d.m.s.SequenceVectors - Epoch: [1]; Words vectorized so far: [2663821123];  Lines vectorized so far: [8200000]; Seq/sec: [176.59]; Words/sec: [60246.02]; learningRate: [0.010089544583984105]
10:11:42.147 [VectorCalculationsThread 1] INFO  o.d.m.s.SequenceVectors - Epoch: [1]; Words vectorized so far: [2697256317];  Lines vectorized so far: [8300000]; Seq/sec: [179.87]; Words/sec: [60244.72]; learningRate: [0.010027911868028398]
10:21:05.786 [VectorCalculationsThread 19] INFO  o.d.m.s.SequenceVectors - Epoch: [1]; Words vectorized so far: [2731048825];  Lines vectorized so far: [8400000]; Seq/sec: [177.42]; Words/sec: [60241.11]; learningRate: [0.009965635393969751]
10:30:35.042 [VectorCalculationsThread 23] INFO  o.d.m.s.SequenceVectors - Epoch: [1]; Words vectorized so far: [2765167929];  Lines vectorized so far: [8500000]; Seq/sec: [175.67]; Words/sec: [60237.33]; learningRate: [0.009902719403450074]
10:39:57.506 [VectorCalculationsThread 36] INFO  o.d.m.s.SequenceVectors - Epoch: [1]; Words vectorized so far: [2798877699];  Lines vectorized so far: [8600000]; Seq/sec: [177.79]; Words/sec: [60233.64]; learningRate: [0.009840601287709394]
10:49:10.420 [VectorCalculationsThread 17] INFO  o.d.m.s.SequenceVectors - Epoch: [1]; Words vectorized so far: [2832085374];  Lines vectorized so far: [8700000]; Seq/sec: [180.86]; Words/sec: [60231.59]; learningRate: [0.009779371925907202]
10:58:24.449 [VectorCalculationsThread 3] INFO  o.d.m.s.SequenceVectors - Epoch: [1]; Words vectorized so far: [2865362818];  Lines vectorized so far: [8800000]; Seq/sec: [180.50]; Words/sec: [60229.64]; learningRate: [0.009718023903204894]
11:07:38.344 [VectorCalculationsThread 34] INFO  o.d.m.s.SequenceVectors - Epoch: [1]; Words vectorized so far: [2898644461];  Lines vectorized so far: [8900000]; Seq/sec: [180.54]; Words/sec: [60228.00]; learningRate: [0.009656665900385554]
11:17:02.274 [VectorCalculationsThread 18] INFO  o.d.m.s.SequenceVectors - Epoch: [1]; Words vectorized so far: [2932494005];  Lines vectorized so far: [9000000]; Seq/sec: [177.33]; Words/sec: [60225.64]; learningRate: [0.009594271703712635]
11:26:35.669 [VectorCalculationsThread 46] INFO  o.d.m.s.SequenceVectors - Epoch: [1]; Words vectorized so far: [2966881305];  Lines vectorized so far: [9100000]; Seq/sec: [174.40]; Words/sec: [60222.68]; learningRate: [0.00953087881328231]
11:36:05.953 [VectorCalculationsThread 5] INFO  o.d.m.s.SequenceVectors - Epoch: [1]; Words vectorized so far: [3001141034];  Lines vectorized so far: [9200000]; Seq/sec: [175.35]; Words/sec: [60220.99]; learningRate: [0.009467736168664139]
11:45:24.826 [VectorCalculationsThread 10] INFO  o.d.m.s.SequenceVectors - Epoch: [1]; Words vectorized so far: [3034708147];  Lines vectorized so far: [9300000]; Seq/sec: [178.93]; Words/sec: [60219.23]; learningRate: [0.009405891978932017]
11:54:42.119 [VectorCalculationsThread 46] INFO  o.d.m.s.SequenceVectors - Epoch: [1]; Words vectorized so far: [3068196952];  Lines vectorized so far: [9400000]; Seq/sec: [179.44]; Words/sec: [60217.83]; learningRate: [0.009344149426387274]
12:04:02.358 [VectorCalculationsThread 45] INFO  o.d.m.s.SequenceVectors - Epoch: [1]; Words vectorized so far: [3101895424];  Lines vectorized so far: [9500000]; Seq/sec: [178.50]; Words/sec: [60217.11]; learningRate: [0.009282025789691568]
12:13:22.696 [VectorCalculationsThread 38] INFO  o.d.m.s.SequenceVectors - Epoch: [1]; Words vectorized so far: [3135590767];  Lines vectorized so far: [9600000]; Seq/sec: [178.46]; Words/sec: [60216.20]; learningRate: [0.009219886519199682]
12:22:46.880 [VectorCalculationsThread 38] INFO  o.d.m.s.SequenceVectors - Epoch: [1]; Words vectorized so far: [3169556848];  Lines vectorized so far: [9700000]; Seq/sec: [177.25]; Words/sec: [60216.08]; learningRate: [0.009157271593085846]
12:32:23.089 [VectorCalculationsThread 34] INFO  o.d.m.s.SequenceVectors - Epoch: [1]; Words vectorized so far: [3204189569];  Lines vectorized so far: [9800000]; Seq/sec: [173.55]; Words/sec: [60214.86]; learningRate: [0.009093439798713144]
12:41:53.508 [VectorCalculationsThread 21] INFO  o.d.m.s.SequenceVectors - Epoch: [1]; Words vectorized so far: [3238509977];  Lines vectorized so far: [9900000]; Seq/sec: [175.32]; Words/sec: [60214.38]; learningRate: [0.009030164477895671]
12:51:14.959 [VectorCalculationsThread 38] INFO  o.d.m.s.SequenceVectors - Epoch: [1]; Words vectorized so far: [3272254674];  Lines vectorized so far: [10000000]; Seq/sec: [178.10]; Words/sec: [60213.20]; learningRate: [0.008967969166484355]
13:00:19.982 [VectorCalculationsThread 23] INFO  o.d.m.s.SequenceVectors - Epoch: [1]; Words vectorized so far: [3305025836];  Lines vectorized so far: [10100000]; Seq/sec: [183.48]; Words/sec: [60212.36]; learningRate: [0.008907557798226816]
13:09:12.760 [VectorCalculationsThread 45] INFO  o.d.m.s.SequenceVectors - Epoch: [1]; Words vectorized so far: [3337048564];  Lines vectorized so far: [10200000]; Seq/sec: [187.70]; Words/sec: [60211.33]; learningRate: [0.00884852407138787]
13:17:52.235 [VectorCalculationsThread 27] INFO  o.d.m.s.SequenceVectors - Epoch: [1]; Words vectorized so far: [3368277896];  Lines vectorized so far: [10300000]; Seq/sec: [192.50]; Words/sec: [60210.45]; learningRate: [0.008790993979875676]
13:26:37.865 [VectorCalculationsThread 38] INFO  o.d.m.s.SequenceVectors - Epoch: [1]; Words vectorized so far: [3399972371];  Lines vectorized so far: [10400000]; Seq/sec: [190.25]; Words/sec: [60211.27]; learningRate: [0.008732540218762517]
13:35:32.098 [VectorCalculationsThread 40] INFO  o.d.m.s.SequenceVectors - Epoch: [1]; Words vectorized so far: [3432168435];  Lines vectorized so far: [10500000]; Seq/sec: [187.18]; Words/sec: [60211.78]; learningRate: [0.008673218233552637]
13:44:29.340 [VectorCalculationsThread 11] INFO  o.d.m.s.SequenceVectors - Epoch: [1]; Words vectorized so far: [3464525988];  Lines vectorized so far: [10600000]; Seq/sec: [186.14]; Words/sec: [60211.94]; learningRate: [0.008613525225418011]
13:53:06.972 [VectorCalculationsThread 23] INFO  o.d.m.s.SequenceVectors - Epoch: [1]; Words vectorized so far: [3495778781];  Lines vectorized so far: [10700000]; Seq/sec: [193.19]; Words/sec: [60213.41]; learningRate: [0.0085559167713689]
14:01:44.183 [VectorCalculationsThread 6] INFO  o.d.m.s.SequenceVectors - Epoch: [1]; Words vectorized so far: [3526888630];  Lines vectorized so far: [10800000]; Seq/sec: [193.34]; Words/sec: [60212.84]; learningRate: [0.008498566498928727]
14:10:39.046 [VectorCalculationsThread 24] INFO  o.d.m.s.SequenceVectors - Epoch: [1]; Words vectorized so far: [3559049773];  Lines vectorized so far: [10900000]; Seq/sec: [186.96]; Words/sec: [60212.09]; learningRate: [0.008439295509278041]
14:19:58.510 [VectorCalculationsThread 24] INFO  o.d.m.s.SequenceVectors - Epoch: [1]; Words vectorized so far: [3592607212];  Lines vectorized so far: [11000000]; Seq/sec: [178.74]; Words/sec: [60209.92]; learningRate: [0.00837748583703601]
14:29:24.033 [VectorCalculationsThread 48] INFO  o.d.m.s.SequenceVectors - Epoch: [1]; Words vectorized so far: [3626571537];  Lines vectorized so far: [11100000]; Seq/sec: [176.83]; Words/sec: [60208.50]; learningRate: [0.008314811985096362]
14:38:48.796 [VectorCalculationsThread 35] INFO  o.d.m.s.SequenceVectors - Epoch: [1]; Words vectorized so far: [3660427157];  Lines vectorized so far: [11200000]; Seq/sec: [177.07]; Words/sec: [60206.07]; learningRate: [0.008252416276843103]
14:48:13.742 [VectorCalculationsThread 35] INFO  o.d.m.s.SequenceVectors - Epoch: [1]; Words vectorized so far: [3694280896];  Lines vectorized so far: [11300000]; Seq/sec: [177.01]; Words/sec: [60203.47]; learningRate: [0.008190040523293727]
14:57:36.913 [VectorCalculationsThread 48] INFO  o.d.m.s.SequenceVectors - Epoch: [1]; Words vectorized so far: [3728067662];  Lines vectorized so far: [11400000]; Seq/sec: [177.57]; Words/sec: [60201.56]; learningRate: [0.008127762851031154]
15:07:04.924 [VectorCalculationsThread 30] INFO  o.d.m.s.SequenceVectors - Epoch: [1]; Words vectorized so far: [3762084411];  Lines vectorized so far: [11500000]; Seq/sec: [176.05]; Words/sec: [60198.71]; learningRate: [0.008065012555524262]
15:16:29.313 [VectorCalculationsThread 8] INFO  o.d.m.s.SequenceVectors - Epoch: [1]; Words vectorized so far: [3795951141];  Lines vectorized so far: [11600000]; Seq/sec: [177.18]; Words/sec: [60196.98]; learningRate: [0.008002594910922159]
15:25:50.729 [VectorCalculationsThread 12] INFO  o.d.m.s.SequenceVectors - Epoch: [1]; Words vectorized so far: [3829643234];  Lines vectorized so far: [11700000]; Seq/sec: [178.12]; Words/sec: [60195.36]; learningRate: [0.007940474800632785]
15:35:19.335 [VectorCalculationsThread 8] INFO  o.d.m.s.SequenceVectors - Epoch: [1]; Words vectorized so far: [3863646815];  Lines vectorized so far: [11800000]; Seq/sec: [175.87]; Words/sec: [60191.87]; learningRate: [0.007877797752253734]
15:44:54.054 [VectorCalculationsThread 20] INFO  o.d.m.s.SequenceVectors - Epoch: [1]; Words vectorized so far: [3897929908];  Lines vectorized so far: [11900000]; Seq/sec: [174.00]; Words/sec: [60187.08]; learningRate: [0.007814603776579268]
15:54:32.444 [VectorCalculationsThread 28] INFO  o.d.m.s.SequenceVectors - Epoch: [1]; Words vectorized so far: [3932455859];  Lines vectorized so far: [12000000]; Seq/sec: [172.89]; Words/sec: [60182.71]; learningRate: [0.00775106351443931]
16:04:01.989 [VectorCalculationsThread 2] INFO  o.d.m.s.SequenceVectors - Epoch: [1]; Words vectorized so far: [3966578284];  Lines vectorized so far: [12100000]; Seq/sec: [175.58]; Words/sec: [60180.36]; learningRate: [0.0076880531386311025]
16:13:34.733 [VectorCalculationsThread 8] INFO  o.d.m.s.SequenceVectors - Epoch: [1]; Words vectorized so far: [4000710515];  Lines vectorized so far: [12200000]; Seq/sec: [174.60]; Words/sec: [60175.32]; learningRate: [0.007625212061664421]
16:23:03.330 [VectorCalculationsThread 28] INFO  o.d.m.s.SequenceVectors - Epoch: [1]; Words vectorized so far: [4034728161];  Lines vectorized so far: [12300000]; Seq/sec: [175.87]; Words/sec: [60172.36]; learningRate: [0.007562444392200568]
16:32:31.534 [VectorCalculationsThread 18] INFO  o.d.m.s.SequenceVectors - Epoch: [1]; Words vectorized so far: [4068566588];  Lines vectorized so far: [12400000]; Seq/sec: [175.99]; Words/sec: [60167.16]; learningRate: [0.007500042442226536]
16:41:49.288 [VectorCalculationsThread 23] INFO  o.d.m.s.SequenceVectors - Epoch: [1]; Words vectorized so far: [4102026181];  Lines vectorized so far: [12500000]; Seq/sec: [179.29]; Words/sec: [60165.71]; learningRate: [0.007438400870622102]
16:51:06.761 [VectorCalculationsThread 23] INFO  o.d.m.s.SequenceVectors - Epoch: [1]; Words vectorized so far: [4135320462];  Lines vectorized so far: [12600000]; Seq/sec: [179.38]; Words/sec: [60162.13]; learningRate: [0.007377041890805714]
17:00:25.356 [VectorCalculationsThread 24] INFO  o.d.m.s.SequenceVectors - Epoch: [1]; Words vectorized so far: [4168740303];  Lines vectorized so far: [12700000]; Seq/sec: [179.02]; Words/sec: [60159.44]; learningRate: [0.00731543267623752]
17:09:54.006 [VectorCalculationsThread 45] INFO  o.d.m.s.SequenceVectors - Epoch: [1]; Words vectorized so far: [4202863128];  Lines vectorized so far: [12800000]; Seq/sec: [175.86]; Words/sec: [60158.20]; learningRate: [0.007252493226728315]
17:19:29.077 [VectorCalculationsThread 30] INFO  o.d.m.s.SequenceVectors - Epoch: [1]; Words vectorized so far: [4237236105];  Lines vectorized so far: [12900000]; Seq/sec: [173.89]; Words/sec: [60155.04]; learningRate: [0.007189118630106893]
17:28:55.279 [VectorCalculationsThread 30] INFO  o.d.m.s.SequenceVectors - Epoch: [1]; Words vectorized so far: [4271277935];  Lines vectorized so far: [13000000]; Seq/sec: [176.62]; Words/sec: [60154.78]; learningRate: [0.0071263983597470585]
17:38:20.195 [VectorCalculationsThread 14] INFO  o.d.m.s.SequenceVectors - Epoch: [1]; Words vectorized so far: [4305068589];  Lines vectorized so far: [13100000]; Seq/sec: [177.02]; Words/sec: [60152.10]; learningRate: [0.0070640768534980004]
17:47:41.404 [VectorCalculationsThread 1] INFO  o.d.m.s.SequenceVectors - Epoch: [1]; Words vectorized so far: [4338759328];  Lines vectorized so far: [13200000]; Seq/sec: [178.19]; Words/sec: [60151.17]; learningRate: [0.007001990670813708]
17:56:57.026 [VectorCalculationsThread 4] INFO  o.d.m.s.SequenceVectors - Epoch: [1]; Words vectorized so far: [4372050777];  Lines vectorized so far: [13300000]; Seq/sec: [179.98]; Words/sec: [60149.39]; learningRate: [0.00694062621059689]
18:06:08.638 [VectorCalculationsThread 4] INFO  o.d.m.s.SequenceVectors - Epoch: [1]; Words vectorized so far: [4405162105];  Lines vectorized so far: [13400000]; Seq/sec: [181.29]; Words/sec: [60148.46]; learningRate: [0.0068795697957063405]
18:15:26.291 [VectorCalculationsThread 26] INFO  o.d.m.s.SequenceVectors - Epoch: [1]; Words vectorized so far: [4438651033];  Lines vectorized so far: [13500000]; Seq/sec: [179.32]; Words/sec: [60147.74]; learningRate: [0.006817849118678551]
18:24:56.307 [VectorCalculationsThread 11] INFO  o.d.m.s.SequenceVectors - Epoch: [1]; Words vectorized so far: [4472703162];  Lines vectorized so far: [13600000]; Seq/sec: [175.43]; Words/sec: [60144.61]; learningRate: [0.006755089420035908]
18:34:23.888 [VectorCalculationsThread 5] INFO  o.d.m.s.SequenceVectors - Epoch: [1]; Words vectorized so far: [4506743923];  Lines vectorized so far: [13700000]; Seq/sec: [176.19]; Words/sec: [60143.32]; learningRate: [0.006692311903179155]
18:43:44.822 [VectorCalculationsThread 11] INFO  o.d.m.s.SequenceVectors - Epoch: [1]; Words vectorized so far: [4540390278];  Lines vectorized so far: [13800000]; Seq/sec: [178.28]; Words/sec: [60142.14]; learningRate: [0.006630289905514222]
18:53:03.607 [VectorCalculationsThread 37] INFO  o.d.m.s.SequenceVectors - Epoch: [1]; Words vectorized so far: [4573783753];  Lines vectorized so far: [13900000]; Seq/sec: [178.96]; Words/sec: [60139.33]; learningRate: [0.006568743521073254]
19:02:25.431 [VectorCalculationsThread 3] INFO  o.d.m.s.SequenceVectors - Epoch: [1]; Words vectorized so far: [4607447547];  Lines vectorized so far: [14000000]; Seq/sec: [177.99]; Words/sec: [60137.71]; learningRate: [0.006506703260937061]
19:11:55.198 [VectorCalculationsThread 3] INFO  o.d.m.s.SequenceVectors - Epoch: [1]; Words vectorized so far: [4641356260];  Lines vectorized so far: [14100000]; Seq/sec: [175.51]; Words/sec: [60133.10]; learningRate: [0.0064441783217816405]
19:21:26.092 [VectorCalculationsThread 8] INFO  o.d.m.s.SequenceVectors - Epoch: [1]; Words vectorized so far: [4675599614];  Lines vectorized so far: [14200000]; Seq/sec: [175.17]; Words/sec: [60132.02]; learningRate: [0.006381053913827261]
19:30:55.387 [VectorCalculationsThread 8] INFO  o.d.m.s.SequenceVectors - Epoch: [1]; Words vectorized so far: [4709666614];  Lines vectorized so far: [14300000]; Seq/sec: [175.65]; Words/sec: [60129.88]; learningRate: [0.006318264274833532]
19:40:25.894 [VectorCalculationsThread 45] INFO  o.d.m.s.SequenceVectors - Epoch: [1]; Words vectorized so far: [4743782979];  Lines vectorized so far: [14400000]; Seq/sec: [175.28]; Words/sec: [60127.49]; learningRate: [0.006255361982549842]
19:49:53.744 [VectorCalculationsThread 16] INFO  o.d.m.s.SequenceVectors - Epoch: [1]; Words vectorized so far: [4777671025];  Lines vectorized so far: [14500000]; Seq/sec: [176.10]; Words/sec: [60124.28]; learningRate: [0.006192888464776858]
19:59:12.769 [VectorCalculationsThread 11] INFO  o.d.m.s.SequenceVectors - Epoch: [1]; Words vectorized so far: [4811049140];  Lines vectorized so far: [14600000]; Seq/sec: [178.88]; Words/sec: [60121.37]; learningRate: [0.00613179247966242]
20:08:21.319 [VectorCalculationsThread 16] INFO  o.d.m.s.SequenceVectors - Epoch: [1]; Words vectorized so far: [4843868914];  Lines vectorized so far: [14700000]; Seq/sec: [182.30]; Words/sec: [60119.38]; learningRate: [0.006070864467991624]
20:17:31.085 [VectorCalculationsThread 9] INFO  o.d.m.s.SequenceVectors - Epoch: [1]; Words vectorized so far: [4876685935];  Lines vectorized so far: [14800000]; Seq/sec: [181.90]; Words/sec: [60116.49]; learningRate: [0.006010373905827977]
20:26:42.354 [VectorCalculationsThread 37] INFO  o.d.m.s.SequenceVectors - Epoch: [1]; Words vectorized so far: [4909798928];  Lines vectorized so far: [14900000]; Seq/sec: [181.40]; Words/sec: [60116.16]; learningRate: [0.005949327850792932]
20:35:52.610 [VectorCalculationsThread 44] INFO  o.d.m.s.SequenceVectors - Epoch: [1]; Words vectorized so far: [4942808593];  Lines vectorized so far: [15000000]; Seq/sec: [181.73]; Words/sec: [60115.31]; learningRate: [0.005888510818613377]
20:44:56.361 [VectorCalculationsThread 35] INFO  o.d.m.s.SequenceVectors - Epoch: [1]; Words vectorized so far: [4975336709];  Lines vectorized so far: [15100000]; Seq/sec: [183.91]; Words/sec: [60113.38]; learningRate: [0.005828519415302585]
20:54:02.317 [VectorCalculationsThread 24] INFO  o.d.m.s.SequenceVectors - Epoch: [1]; Words vectorized so far: [5008073990];  Lines vectorized so far: [15200000]; Seq/sec: [183.16]; Words/sec: [60112.40]; learningRate: [0.005768275072985888]
21:03:21.261 [VectorCalculationsThread 43] INFO  o.d.m.s.SequenceVectors - Epoch: [1]; Words vectorized so far: [5041395752];  Lines vectorized so far: [15300000]; Seq/sec: [178.91]; Words/sec: [60109.09]; learningRate: [0.005706770592501383]
21:12:44.904 [VectorCalculationsThread 43] INFO  o.d.m.s.SequenceVectors - Epoch: [1]; Words vectorized so far: [5075084116];  Lines vectorized so far: [15400000]; Seq/sec: [177.42]; Words/sec: [60106.82]; learningRate: [0.005644637443909878]
21:22:10.431 [VectorCalculationsThread 35] INFO  o.d.m.s.SequenceVectors - Epoch: [1]; Words vectorized so far: [5108827012];  Lines vectorized so far: [15500000]; Seq/sec: [176.83]; Words/sec: [60103.89]; learningRate: [0.005582436080647029]
21:31:36.491 [VectorCalculationsThread 11] INFO  o.d.m.s.SequenceVectors - Epoch: [1]; Words vectorized so far: [5142424590];  Lines vectorized so far: [15600000]; Seq/sec: [176.66]; Words/sec: [60098.92]; learningRate: [0.005520566653053389]
21:40:58.262 [VectorCalculationsThread 12] INFO  o.d.m.s.SequenceVectors - Epoch: [1]; Words vectorized so far: [5175999821];  Lines vectorized so far: [15700000]; Seq/sec: [178.01]; Words/sec: [60096.76]; learningRate: [0.005458643286005675]
21:50:21.593 [VectorCalculationsThread 10] INFO  o.d.m.s.SequenceVectors - Epoch: [1]; Words vectorized so far: [5209650723];  Lines vectorized so far: [15800000]; Seq/sec: [177.52]; Words/sec: [60094.41]; learningRate: [0.005396589067715412]
21:59:50.967 [VectorCalculationsThread 8] INFO  o.d.m.s.SequenceVectors - Epoch: [1]; Words vectorized so far: [5243674346];  Lines vectorized so far: [15900000]; Seq/sec: [175.63]; Words/sec: [60092.20]; learningRate: [0.00533385971865658]
22:09:25.696 [VectorCalculationsThread 12] INFO  o.d.m.s.SequenceVectors - Epoch: [1]; Words vectorized so far: [5277800163];  Lines vectorized so far: [16000000]; Seq/sec: [174.00]; Words/sec: [60087.52]; learningRate: [0.005270983711280299]
22:18:57.296 [VectorCalculationsThread 29] INFO  o.d.m.s.SequenceVectors - Epoch: [1]; Words vectorized so far: [5311938543];  Lines vectorized so far: [16100000]; Seq/sec: [174.95]; Words/sec: [60085.17]; learningRate: [0.005208065029410259]
22:28:23.607 [VectorCalculationsThread 40] INFO  o.d.m.s.SequenceVectors - Epoch: [1]; Words vectorized so far: [5345772954];  Lines vectorized so far: [16200000]; Seq/sec: [176.58]; Words/sec: [60083.01]; learningRate: [0.005145705870063597]
22:37:55.030 [VectorCalculationsThread 43] INFO  o.d.m.s.SequenceVectors - Epoch: [1]; Words vectorized so far: [5379622130];  Lines vectorized so far: [16300000]; Seq/sec: [175.00]; Words/sec: [60077.61]; learningRate: [0.005083274912494152]
22:47:18.954 [VectorCalculationsThread 28] INFO  o.d.m.s.SequenceVectors - Epoch: [1]; Words vectorized so far: [5413386699];  Lines vectorized so far: [16400000]; Seq/sec: [177.33]; Words/sec: [60076.34]; learningRate: [0.005021021195093194]
22:56:53.248 [VectorCalculationsThread 31] INFO  o.d.m.s.SequenceVectors - Epoch: [1]; Words vectorized so far: [5447590953];  Lines vectorized so far: [16500000]; Seq/sec: [174.13]; Words/sec: [60073.06]; learningRate: [0.004957961737165296]
23:06:30.128 [VectorCalculationsThread 22] INFO  o.d.m.s.SequenceVectors - Epoch: [1]; Words vectorized so far: [5481955956];  Lines vectorized so far: [16600000]; Seq/sec: [173.35]; Words/sec: [60069.90]; learningRate: [0.004894645391688704]
23:15:59.159 [VectorCalculationsThread 37] INFO  o.d.m.s.SequenceVectors - Epoch: [1]; Words vectorized so far: [5515750054];  Lines vectorized so far: [16700000]; Seq/sec: [175.73]; Words/sec: [60065.67]; learningRate: [0.004832350323348479]
23:25:14.834 [VectorCalculationsThread 24] INFO  o.d.m.s.SequenceVectors - Epoch: [1]; Words vectorized so far: [5548894670];  Lines vectorized so far: [16800000]; Seq/sec: [179.96]; Words/sec: [60063.15]; learningRate: [0.004771233447087702]
23:34:32.536 [VectorCalculationsThread 41] INFO  o.d.m.s.SequenceVectors - Epoch: [1]; Words vectorized so far: [5582151512];  Lines vectorized so far: [16900000]; Seq/sec: [179.31]; Words/sec: [60060.56]; learningRate: [0.004710059805454966]
23:43:39.029 [VectorCalculationsThread 35] INFO  o.d.m.s.SequenceVectors - Epoch: [1]; Words vectorized so far: [5614594429];  Lines vectorized so far: [17000000]; Seq/sec: [182.98]; Words/sec: [60056.50]; learningRate: [0.004650109122643831]
23:52:35.814 [VectorCalculationsThread 0] INFO  o.d.m.s.SequenceVectors - Epoch: [1]; Words vectorized so far: [5646686554];  Lines vectorized so far: [17100000]; Seq/sec: [186.29]; Words/sec: [60054.95]; learningRate: [0.004590980158869872]
00:01:51.700 [VectorCalculationsThread 23] INFO  o.d.m.s.SequenceVectors - Epoch: [1]; Words vectorized so far: [5679755809];  Lines vectorized so far: [17200000]; Seq/sec: [179.89]; Words/sec: [60051.63]; learningRate: [0.0045300491277251755]
00:11:15.356 [VectorCalculationsThread 5] INFO  o.d.m.s.SequenceVectors - Epoch: [1]; Words vectorized so far: [5713441372];  Lines vectorized so far: [17300000]; Seq/sec: [177.41]; Words/sec: [60049.92]; learningRate: [0.00446791058905938]
00:20:41.194 [VectorCalculationsThread 11] INFO  o.d.m.s.SequenceVectors - Epoch: [1]; Words vectorized so far: [5747085403];  Lines vectorized so far: [17400000]; Seq/sec: [176.73]; Words/sec: [60046.42]; learningRate: [0.004405909423552287]
00:29:57.204 [VectorCalculationsThread 17] INFO  o.d.m.s.SequenceVectors - Epoch: [1]; Words vectorized so far: [5780316271];  Lines vectorized so far: [17500000]; Seq/sec: [179.85]; Words/sec: [60044.80]; learningRate: [0.004344682872920853]
00:39:15.208 [VectorCalculationsThread 41] INFO  o.d.m.s.SequenceVectors - Epoch: [1]; Words vectorized so far: [5813641601];  Lines vectorized so far: [17600000]; Seq/sec: [179.21]; Words/sec: [60042.95]; learningRate: [0.004283208281172495]
00:48:36.731 [VectorCalculationsThread 24] INFO  o.d.m.s.SequenceVectors - Epoch: [1]; Words vectorized so far: [5847012029];  Lines vectorized so far: [17700000]; Seq/sec: [178.09]; Words/sec: [60039.40]; learningRate: [0.004221696576439997]
00:58:01.187 [VectorCalculationsThread 12] INFO  o.d.m.s.SequenceVectors - Epoch: [1]; Words vectorized so far: [5880669040];  Lines vectorized so far: [17800000]; Seq/sec: [177.16]; Words/sec: [60037.03]; learningRate: [0.004159657357819528]
01:07:32.291 [VectorCalculationsThread 5] INFO  o.d.m.s.SequenceVectors - Epoch: [1]; Words vectorized so far: [5914559051];  Lines vectorized so far: [17900000]; Seq/sec: [175.10]; Words/sec: [60033.00]; learningRate: [0.0040971970608443525]
01:16:50.703 [VectorCalculationsThread 37] INFO  o.d.m.s.SequenceVectors - Epoch: [1]; Words vectorized so far: [5947864628];  Lines vectorized so far: [18000000]; Seq/sec: [179.08]; Words/sec: [60030.80]; learningRate: [0.00403576197295782]
01:26:10.599 [VectorCalculationsThread 33] INFO  o.d.m.s.SequenceVectors - Epoch: [1]; Words vectorized so far: [5981209026];  Lines vectorized so far: [18100000]; Seq/sec: [178.60]; Words/sec: [60028.12]; learningRate: [0.003974326155088589]
01:35:31.456 [VectorCalculationsThread 37] INFO  o.d.m.s.SequenceVectors - Epoch: [1]; Words vectorized so far: [6014654235];  Lines vectorized so far: [18200000]; Seq/sec: [178.30]; Words/sec: [60025.91]; learningRate: [0.00391264547595132]
01:44:53.287 [VectorCalculationsThread 26] INFO  o.d.m.s.SequenceVectors - Epoch: [1]; Words vectorized so far: [6048154300];  Lines vectorized so far: [18300000]; Seq/sec: [177.99]; Words/sec: [60023.68]; learningRate: [0.003850938132168168]
01:54:15.022 [VectorCalculationsThread 17] INFO  o.d.m.s.SequenceVectors - Epoch: [1]; Words vectorized so far: [6081491813];  Lines vectorized so far: [18400000]; Seq/sec: [178.02]; Words/sec: [60019.93]; learningRate: [0.003789459582660067]
02:03:26.658 [VectorCalculationsThread 15] INFO  o.d.m.s.SequenceVectors - Epoch: [1]; Words vectorized so far: [6114356487];  Lines vectorized so far: [18500000]; Seq/sec: [181.28]; Words/sec: [60017.53]; learningRate: [0.0037288875168218156]
02:12:46.425 [VectorCalculationsThread 22] INFO  o.d.m.s.SequenceVectors - Epoch: [1]; Words vectorized so far: [6147486826];  Lines vectorized so far: [18600000]; Seq/sec: [178.65]; Words/sec: [60012.99]; learningRate: [0.0036677858337868484]
02:22:11.143 [VectorCalculationsThread 36] INFO  o.d.m.s.SequenceVectors - Epoch: [1]; Words vectorized so far: [6181176843];  Lines vectorized so far: [18700000]; Seq/sec: [177.08]; Words/sec: [60011.04]; learningRate: [0.003605676439127376]
02:31:39.306 [VectorCalculationsThread 37] INFO  o.d.m.s.SequenceVectors - Epoch: [1]; Words vectorized so far: [6215057798];  Lines vectorized so far: [18800000]; Seq/sec: [176.01]; Words/sec: [60008.97]; learningRate: [0.0035432582322911213]
02:41:08.819 [VectorCalculationsThread 0] INFO  o.d.m.s.SequenceVectors - Epoch: [1]; Words vectorized so far: [6248911424];  Lines vectorized so far: [18900000]; Seq/sec: [175.59]; Words/sec: [60005.87]; learningRate: [0.0034808562491360556]
02:50:29.222 [VectorCalculationsThread 2] INFO  o.d.m.s.SequenceVectors - Epoch: [1]; Words vectorized so far: [6282375612];  Lines vectorized so far: [19000000]; Seq/sec: [178.44]; Words/sec: [60004.31]; learningRate: [0.0034191450840040686]
02:59:57.543 [VectorCalculationsThread 2] INFO  o.d.m.s.SequenceVectors - Epoch: [1]; Words vectorized so far: [6315872510];  Lines vectorized so far: [19100000]; Seq/sec: [175.96]; Words/sec: [59998.57]; learningRate: [0.0033575026165117735]
03:09:29.616 [VectorCalculationsThread 2] INFO  o.d.m.s.SequenceVectors - Epoch: [1]; Words vectorized so far: [6350089734];  Lines vectorized so far: [19200000]; Seq/sec: [174.80]; Words/sec: [59997.56]; learningRate: [0.0032943320537420695]
03:19:06.994 [VectorCalculationsThread 33] INFO  o.d.m.s.SequenceVectors - Epoch: [1]; Words vectorized so far: [6384585788];  Lines vectorized so far: [19300000]; Seq/sec: [173.20]; Words/sec: [59996.20]; learningRate: [0.0032307341358724638]
03:28:45.472 [VectorCalculationsThread 17] INFO  o.d.m.s.SequenceVectors - Epoch: [1]; Words vectorized so far: [6418906758];  Lines vectorized so far: [19400000]; Seq/sec: [172.87]; Words/sec: [59992.59]; learningRate: [0.0031674534010166255]
03:38:16.718 [VectorCalculationsThread 10] INFO  o.d.m.s.SequenceVectors - Epoch: [1]; Words vectorized so far: [6453024060];  Lines vectorized so far: [19500000]; Seq/sec: [175.06]; Words/sec: [59991.17]; learningRate: [0.0031045810638311456]
03:47:53.888 [VectorCalculationsThread 0] INFO  o.d.m.s.SequenceVectors - Epoch: [1]; Words vectorized so far: [6487331878];  Lines vectorized so far: [19600000]; Seq/sec: [173.26]; Words/sec: [59988.24]; learningRate: [0.0030413242893670943]
03:57:29.137 [VectorCalculationsThread 44] INFO  o.d.m.s.SequenceVectors - Epoch: [1]; Words vectorized so far: [6521670688];  Lines vectorized so far: [19700000]; Seq/sec: [173.84]; Words/sec: [59986.68]; learningRate: [0.0029780485611602845]
04:07:09.589 [VectorCalculationsThread 32] INFO  o.d.m.s.SequenceVectors - Epoch: [1]; Words vectorized so far: [6556078243];  Lines vectorized so far: [19800000]; Seq/sec: [172.28]; Words/sec: [59982.91]; learningRate: [0.0029145998012458643]
04:16:45.436 [VectorCalculationsThread 2] INFO  o.d.m.s.SequenceVectors - Epoch: [1]; Words vectorized so far: [6590342628];  Lines vectorized so far: [19900000]; Seq/sec: [173.66]; Words/sec: [59980.39]; learningRate: [0.0028514453497105216]
04:26:15.570 [VectorCalculationsThread 41] INFO  o.d.m.s.SequenceVectors - Epoch: [1]; Words vectorized so far: [6624247634];  Lines vectorized so far: [20000000]; Seq/sec: [175.40]; Words/sec: [59977.75]; learningRate: [0.002788937895115504]
04:35:42.741 [VectorCalculationsThread 10] INFO  o.d.m.s.SequenceVectors - Epoch: [1]; Words vectorized so far: [6658021512];  Lines vectorized so far: [20100000]; Seq/sec: [176.31]; Words/sec: [59975.55]; learningRate: [0.0027266997359317066]
04:45:18.057 [VectorCalculationsThread 45] INFO  o.d.m.s.SequenceVectors - Epoch: [1]; Words vectorized so far: [6692370426];  Lines vectorized so far: [20200000]; Seq/sec: [173.82]; Words/sec: [59974.16]; learningRate: [0.002663370079331165]
04:55:02.727 [VectorCalculationsThread 27] INFO  o.d.m.s.SequenceVectors - Epoch: [1]; Words vectorized so far: [6727128984];  Lines vectorized so far: [20300000]; Seq/sec: [171.04]; Words/sec: [59971.42]; learningRate: [0.002599285432591919]
05:04:29.715 [VectorCalculationsThread 34] INFO  o.d.m.s.SequenceVectors - Epoch: [1]; Words vectorized so far: [6761000066];  Lines vectorized so far: [20400000]; Seq/sec: [176.37]; Words/sec: [59970.25]; learningRate: [0.002536839777668751]
05:13:43.844 [VectorCalculationsThread 22] INFO  o.d.m.s.SequenceVectors - Epoch: [1]; Words vectorized so far: [6794002079];  Lines vectorized so far: [20500000]; Seq/sec: [180.46]; Words/sec: [59968.23]; learningRate: [0.0024760382557782023]
05:22:55.259 [VectorCalculationsThread 2] INFO  o.d.m.s.SequenceVectors - Epoch: [1]; Words vectorized so far: [6826788686];  Lines vectorized so far: [20600000]; Seq/sec: [181.35]; Words/sec: [59965.76]; learningRate: [0.0024155697405668385]
05:32:16.073 [VectorCalculationsThread 17] INFO  o.d.m.s.SequenceVectors - Epoch: [1]; Words vectorized so far: [6860177337];  Lines vectorized so far: [20700000]; Seq/sec: [178.31]; Words/sec: [59963.66]; learningRate: [0.002354043546783763]
05:41:58.492 [VectorCalculationsThread 4] INFO  o.d.m.s.SequenceVectors - Epoch: [1]; Words vectorized so far: [6894763169];  Lines vectorized so far: [20800000]; Seq/sec: [171.70]; Words/sec: [59960.72]; learningRate: [0.0022902580786617137]
05:51:42.399 [VectorCalculationsThread 47] INFO  o.d.m.s.SequenceVectors - Epoch: [1]; Words vectorized so far: [6929641989];  Lines vectorized so far: [20900000]; Seq/sec: [171.26]; Words/sec: [59959.57]; learningRate: [0.002225982075068317]
06:01:21.298 [VectorCalculationsThread 4] INFO  o.d.m.s.SequenceVectors - Epoch: [1]; Words vectorized so far: [6964164756];  Lines vectorized so far: [21000000]; Seq/sec: [172.74]; Words/sec: [59957.95]; learningRate: [0.0021623291356743166]
06:10:56.669 [VectorCalculationsThread 47] INFO  o.d.m.s.SequenceVectors - Epoch: [1]; Words vectorized so far: [6998442624];  Lines vectorized so far: [21100000]; Seq/sec: [173.80]; Words/sec: [59956.07]; learningRate: [0.0020991698636723998]
06:20:36.565 [VectorCalculationsThread 30] INFO  o.d.m.s.SequenceVectors - Epoch: [1]; Words vectorized so far: [7032943720];  Lines vectorized so far: [21200000]; Seq/sec: [172.44]; Words/sec: [59953.79]; learningRate: [0.0020356521996585317]
06:30:12.871 [VectorCalculationsThread 32] INFO  o.d.m.s.SequenceVectors - Epoch: [1]; Words vectorized so far: [7067246685];  Lines vectorized so far: [21300000]; Seq/sec: [173.52]; Words/sec: [59951.68]; learningRate: [0.0019724018770617877]
06:39:48.605 [VectorCalculationsThread 22] INFO  o.d.m.s.SequenceVectors - Epoch: [1]; Words vectorized so far: [7101665790];  Lines vectorized so far: [21400000]; Seq/sec: [173.69]; Words/sec: [59950.86]; learningRate: [0.0019088945323488286]
06:49:35.558 [VectorCalculationsThread 23] INFO  o.d.m.s.SequenceVectors - Epoch: [1]; Words vectorized so far: [7136468266];  Lines vectorized so far: [21500000]; Seq/sec: [170.37]; Words/sec: [59947.62]; learningRate: [0.0018447227208822669]
06:59:20.544 [VectorCalculationsThread 47] INFO  o.d.m.s.SequenceVectors - Epoch: [1]; Words vectorized so far: [7171344655];  Lines vectorized so far: [21600000]; Seq/sec: [170.94]; Words/sec: [59946.01]; learningRate: [0.0017804336900470819]
07:08:56.328 [VectorCalculationsThread 29] INFO  o.d.m.s.SequenceVectors - Epoch: [1]; Words vectorized so far: [7205771282];  Lines vectorized so far: [21700000]; Seq/sec: [173.68]; Words/sec: [59945.27]; learningRate: [0.0017169608517638713]
07:18:25.719 [VectorCalculationsThread 7] INFO  o.d.m.s.SequenceVectors - Epoch: [1]; Words vectorized so far: [7239643417];  Lines vectorized so far: [21800000]; Seq/sec: [175.63]; Words/sec: [59943.12]; learningRate: [0.001654515541554754]
07:27:47.043 [VectorCalculationsThread 7] INFO  o.d.m.s.SequenceVectors - Epoch: [1]; Words vectorized so far: [7273099443];  Lines vectorized so far: [21900000]; Seq/sec: [178.15]; Words/sec: [59941.53]; learningRate: [0.0015928885990985908]
07:37:01.019 [VectorCalculationsThread 8] INFO  o.d.m.s.SequenceVectors - Epoch: [1]; Words vectorized so far: [7306039267];  Lines vectorized so far: [22000000]; Seq/sec: [180.51]; Words/sec: [59939.35]; learningRate: [0.0015321884618509061]
07:46:24.511 [VectorCalculationsThread 19] INFO  o.d.m.s.SequenceVectors - Epoch: [1]; Words vectorized so far: [7339584052];  Lines vectorized so far: [22100000]; Seq/sec: [177.46]; Words/sec: [59937.47]; learningRate: [0.0014703001081653698]
07:56:03.571 [VectorCalculationsThread 23] INFO  o.d.m.s.SequenceVectors - Epoch: [1]; Words vectorized so far: [7374058537];  Lines vectorized so far: [22200000]; Seq/sec: [172.69]; Words/sec: [59935.57]; learningRate: [0.00140690596607279]
